Ingesting CSVs     ━━━━━━━━━━━━━━━━━━━━ obslog-sinistro-WASP-43-ccd0.csv 0:00:00
Building summaries ━━━━━━━━━━━━━━━━━━━━                                  0:00:00
Building targets   ━━━━━━━━━━━━━━━━━━━━                                  0:00:00
Database built: 9842789 frames indexed in 
/mnt_ut2/raid_ut2/home/jerome/github/research/project/muscat-db/muscat.db
Ingesting CSVs     ━━━━━━━━━━━━━━━━━━━━ obslog-sinistro-WASP-43-ccd0.csv 0:00:00
Building summaries ━━━━━━━━━━━━━━━━━━━━                                  0:00:00
Building targets   ━━━━━━━━━━━━━━━━━━━━                                  0:00:00
Database built: 9842849 frames indexed in 
/mnt_ut2/raid_ut2/home/jerome/github/research/project/muscat-db/muscat.db
Ingesting CSVs     ━━━━━━━━━━━━━━━━━━━━ obslog-sinistro-WASP-43-ccd0.csv 0:00:00
Building summaries ━━━━━━━━━━━━━━━━━━━━                                  0:00:00
Building targets   ━━━━━━━━━━━━━━━━━━━━                                  0:00:00
Database built: 9849271 frames indexed in 
/mnt_ut2/raid_ut2/home/jerome/github/research/project/muscat-db/muscat.db
Ingesting CSVs     ━━━━━━━━━━━━━━━━━━━━ obslog-sinistro-WASP-43-ccd0.csv 0:00:00
Building summaries ━━━━━━━━━━━━━━━━━━━━                                  0:00:00
Building targets   ━━━━━━━━━━━━━━━━━━━━                                  0:00:00
Database built: 9854147 frames indexed in 
/mnt_ut2/raid_ut2/home/jerome/github/research/project/muscat-db/muscat.db
Ingesting CSVs     ━━━━━━━━━━━━━━━━━━━━ obslog-sinistro-WASP-43-ccd0.csv 0:00:00
Building summaries ━━━━━━━━━━━━━━━━━━━━                                  0:00:00
Building targets   ━━━━━━━━━━━━━━━━━━━━                                  0:00:00
Database built: 9871358 frames indexed in 
/mnt_ut2/raid_ut2/home/jerome/github/research/project/muscat-db/muscat.db
Ingesting CSVs     ━━━━━━━━━━━━━━━━━━━━ obslog-sinistro-WASP-43-ccd0.csv 0:00:00
Building summaries ━━━━━━━━━━━━━━━━━━━━                                  0:00:00
Building targets   ━━━━━━━━━━━━━━━━━━━━                                  0:00:00
Database built: 9876587 frames indexed in 
/mnt_ut2/raid_ut2/home/jerome/github/research/project/muscat-db/muscat.db
Ingesting CSVs     ━━━━━━━━━━━━━━━━━━━━ obslog-sinistro-WASP-43-ccd0.csv 0:00:00
Building summaries ━━━━━━━━━━━━━━━━━━━━                                  0:00:00
Building targets   ━━━━━━━━━━━━━━━━━━━━                                  0:00:00
Database built: 9879523 frames indexed in 
/mnt_ut2/raid_ut2/home/jerome/github/research/project/muscat-db/muscat.db
Ingesting CSVs     ━━━━━━━━━━━━━━━━━━━━ obslog-sinistro-WASP-43-ccd0.csv 0:00:00
Building summaries ━━━━━━━━━━━━━━━━━━━━                                  0:00:00
Building targets   ━━━━━━━━━━━━━━━━━━━━                                  0:00:00
Database built: 9883166 frames indexed in 
/mnt_ut2/raid_ut2/home/jerome/github/research/project/muscat-db/muscat.db
Ingesting CSVs     ━━━━━━━━━━━━━━━━━━━━ obslog-sinistro-WASP-43-ccd0.csv 0:00:00
Building summaries ━━━━━━━━━━━━━━━━━━━━                                  0:00:00
Building targets   ━━━━━━━━━━━━━━━━━━━━                                  0:00:00
Database built: 9888769 frames indexed in 
/mnt_ut2/raid_ut2/home/jerome/github/research/project/muscat-db/muscat.db
Ingesting CSVs     ━━━━━━━━━━━━━━━━━━━━ obslog-sinistro-WASP-43-ccd0.csv 0:00:00
Building summaries ━━━━━━━━━━━━━━━━━━━━                                  0:00:00
Building targets   ━━━━━━━━━━━━━━━━━━━━                                  0:00:00
Database built: 9904585 frames indexed in 
/mnt_ut2/raid_ut2/home/jerome/github/research/project/muscat-db/muscat.db
